


ARM Macro Assembler    Page 1 


    1 00000000         ; ------------------------------------------------------
                       ------------
    2 00000000         ; --  _____       ______  _____                         
                                  -
    3 00000000         ; -- |_   _|     |  ____|/ ____|                        
                                  -
    4 00000000         ; --   | |  _ __ | |__  | (___    Institute of Embedded 
                       Systems    -
    5 00000000         ; --   | | | '_ \|  __|  \___ \   Zurich University of  
                                  -
    6 00000000         ; --  _| |_| | | | |____ ____) |  Applied Sciences      
                                  -
    7 00000000         ; -- |_____|_| |_|______|_____/   8401 Winterthur, Switz
                       erland     -
    8 00000000         ; ------------------------------------------------------
                       ------------
    9 00000000         ; --
   10 00000000         ; -- arithm.s
   11 00000000         ; --
   12 00000000         ; -- CT1 P05 Summe und Differenz
   13 00000000         ; --
   14 00000000         ; -- $Id: arithm.s 549 2014-09-01 13:00:11Z muln $
   15 00000000         ; ------------------------------------------------------
                       ------------
   16 00000000         ;Directives
   17 00000000                 PRESERVE8
   18 00000000                 THUMB
   19 00000000         
   20 00000000         ; ------------------------------------------------------
                       ------------
   21 00000000         ; -- myCode
   22 00000000         ; ------------------------------------------------------
                       ------------
   23 00000000                 AREA             MyCode, CODE, READONLY
   24 00000000         
   25 00000000         main    PROC
   26 00000000                 EXPORT           main
   27 00000000         
   28 00000000         user_prog
   29 00000000         
   30 00000000         ; ------------------------------------------------------
                       ------------
   31 00000000         ; -- Increment/Decrement with ADDS and SUBS
   32 00000000 2100            MOVS             R1, #0
   33 00000002 1C49            ADDS             R1, R1, #1
   34 00000004 1C49            ADDS             R1, R1, #1
   35 00000006 1E49            SUBS             R1, R1, #1
   36 00000008 1E49            SUBS             R1, R1, #1
   37 0000000A 1E49            SUBS             R1, R1, #1
   38 0000000C 1E49            SUBS             R1, R1, #1
   39 0000000E 1E49            SUBS             R1, R1, #1
   40 00000010 1C49            ADDS             R1, R1, #1
   41 00000012 1C49            ADDS             R1, R1, #1
   42 00000014 1C49            ADDS             R1, R1, #1
   43 00000016 1C49            ADDS             R1, R1, #1
   44 00000018 1C49            ADDS             R1, R1, #1
   45 0000001A         
   46 0000001A         
   47 0000001A         ; ------------------------------------------------------



ARM Macro Assembler    Page 2 


                       ------------
   48 0000001A         ; -- ADDS and SUBS (negative, positive, overflow)
   49 0000001A 480B            LDR              R0, =0x6a000000
   50 0000001C 490B            LDR              R1, =0x2efffffe
   51 0000001E 1849            ADDS             R1, R1, R1
   52 00000020 1840            ADDS             R0, R0, R1
   53 00000022 1840            ADDS             R0, R0, R1
   54 00000024         
   55 00000024 480A            LDR              R0, =0xa1000000
   56 00000026 490B            LDR              R1, =0x5efffffe
   57 00000028 1A40            SUBS             R0, R0, R1
   58 0000002A 1A40            SUBS             R0, R0, R1
   59 0000002C         
   60 0000002C         ; ------------------------------------------------------
                       ------------
   61 0000002C         ; -- ADDS and RSBS vs. SUBS (compare R0 and R2)
   62 0000002C 480A            LDR              R0, =0x4a000000
   63 0000002E 4907            LDR              R1, =0x2efffffe
   64 00000030 4602            MOV              R2, R0
   65 00000032         
   66 00000032 1A40            SUBS             R0, R0, R1
   67 00000034 4249            RSBS             R1, R1, #0
   68 00000036 1852            ADDS             R2, R2, R1
   69 00000038         
   70 00000038         ; ------------------------------------------------------
                       ------------
   71 00000038         ; -- MUL flags and cut-off if result needs more than 32 
                       bits
   72 00000038 4808            LDR              R0, =0x0000e200
   73 0000003A 4909            LDR              R1, =0x00002201
   74 0000003C         
   75 0000003C 4348            MULS             R0, R1, R0
   76 0000003E 4909            LDR              R1, =0x00000f20
   77 00000040 4348            MULS             R0, R1, R0
   78 00000042 4348            MULS             R0, R1, R0
   79 00000044         
   80 00000044 E7DC            B                user_prog
   81 00000046 00 00           ALIGN
   82 00000048         ; ------------------------------------------------------
                       ------------
   83 00000048         ; End of code
   84 00000048         ; ------------------------------------------------------
                       ------------
   85 00000048                 ENDP
   86 00000048                 END
              6A000000 
              2EFFFFFE 
              A1000000 
              5EFFFFFE 
              4A000000 
              0000E200 
              00002201 
              00000F20 
Command Line: --debug --xref --diag_suppress=9931 --cpu=Cortex-M0 --depend=.\bu
ild\arithm.d -o.\build\arithm.o -I.\RTE\_Target_1 -IC:\Users\diego\AppData\Loca
l\Arm\Packs\InES\CTBoard14_DFP\4.0.2\Device\Include -IC:\Users\diego\AppData\Lo
cal\Arm\Packs\InES\CTBoard14_DFP\4.0.2\Device\Include\m0 -IC:\Users\diego\AppDa
ta\Local\Arm\Packs\InES\CTBoard14_DFP\4.0.2\HAL\Include --predefine="__EVAL SET
A 1" --predefine="__UVISION_VERSION SETA 537" --predefine="_RTE_ SETA 1" --pred



ARM Macro Assembler    Page 3 


efine="_RTE_ SETA 1" --list=.\build\arithm.lst app\arithm.s



ARM Macro Assembler    Page 1 Alphabetic symbol ordering
Relocatable symbols

MyCode 00000000

Symbol: MyCode
   Definitions
      At line 23 in file app\arithm.s
   Uses
      None
Comment: MyCode unused
main 00000000

Symbol: main
   Definitions
      At line 25 in file app\arithm.s
   Uses
      At line 26 in file app\arithm.s
Comment: main used once
user_prog 00000000

Symbol: user_prog
   Definitions
      At line 28 in file app\arithm.s
   Uses
      At line 80 in file app\arithm.s
Comment: user_prog used once
3 symbols
338 symbols in table
