


ARM Macro Assembler    Page 1 


    1 00000000         ; ------------------------------------------------------
                       ------------
    2 00000000         ; --  _____       ______  _____                         
                                  -
    3 00000000         ; -- |_   _|     |  ____|/ ____|                        
                                  -
    4 00000000         ; --   | |  _ __ | |__  | (___    Institute of Embedded 
                       Systems    -
    5 00000000         ; --   | | | '_ \|  __|  \___ \   Zurich University of  
                                  -
    6 00000000         ; --  _| |_| | | | |____ ____) |  Applied Sciences      
                                  -
    7 00000000         ; -- |_____|_| |_|______|_____/   8401 Winterthur, Switz
                       erland     -
    8 00000000         ; ------------------------------------------------------
                       ------------
    9 00000000         ; --
   10 00000000         ; -- main.s
   11 00000000         ; --
   12 00000000         ; -- CT1 P08 "Strukturierte Codierung" mit Assembler
   13 00000000         ; --
   14 00000000         ; -- $Id: struct_code.s 3787 2016-11-17 09:41:48Z kesr $
                       
   15 00000000         ; ------------------------------------------------------
                       ------------
   16 00000000         ;Directives
   17 00000000                 PRESERVE8
   18 00000000                 THUMB
   19 00000000         
   20 00000000         ; ------------------------------------------------------
                       ------------
   21 00000000         ; -- Address-Defines
   22 00000000         ; ------------------------------------------------------
                       ------------
   23 00000000         ; input
   24 00000000 60000200 
                       ADDR_DIP_SWITCH_7_0
                               EQU              0x60000200
   25 00000000 60000210 
                       ADDR_BUTTONS
                               EQU              0x60000210
   26 00000000         
   27 00000000         ; output
   28 00000000 60000100 
                       ADDR_LED_31_0
                               EQU              0x60000100
   29 00000000 60000114 
                       ADDR_7_SEG_BIN_DS3_0
                               EQU              0x60000114
   30 00000000 60000340 
                       ADDR_LCD_COLOUR
                               EQU              0x60000340
   31 00000000 60000300 
                       ADDR_LCD_ASCII
                               EQU              0x60000300
   32 00000000 60000302 
                       ADDR_LCD_ASCII_BIT_POS
                               EQU              0x60000302
   33 00000000 60000314 



ARM Macro Assembler    Page 2 


                       ADDR_LCD_ASCII_2ND_LINE
                               EQU              0x60000314
   34 00000000         
   35 00000000         
   36 00000000         ; ------------------------------------------------------
                       ------------
   37 00000000         ; -- Program-Defines
   38 00000000         ; ------------------------------------------------------
                       ------------
   39 00000000         ; value for clearing lcd
   40 00000000 00000000 
                       ASCII_DIGIT_CLEAR
                               EQU              0x00000000
   41 00000000 00000028 
                       LCD_LAST_OFFSET
                               EQU              0x00000028
   42 00000000         
   43 00000000         ; offset for showing the digit in the lcd
   44 00000000 00000030 
                       ASCII_DIGIT_OFFSET
                               EQU              0x00000030
   45 00000000         
   46 00000000         ; lcd background colors to be written
   47 00000000 00000000 
                       DISPLAY_COLOUR_RED
                               EQU              0
   48 00000000 00000002 
                       DISPLAY_COLOUR_GREEN
                               EQU              2
   49 00000000 00000004 
                       DISPLAY_COLOUR_BLUE
                               EQU              4
   50 00000000         
   51 00000000 00000001 
                       BITMASK_KEY_T0
                               EQU              0x00000001
   52 00000000         
   53 00000000         ; ------------------------------------------------------
                       ------------
   54 00000000         ; -- myConstants
   55 00000000         ; ------------------------------------------------------
                       ------------
   56 00000000                 AREA             myConstants, DATA, READONLY
   57 00000000         ; display defines for hex / dec
   58 00000000 42 69 74 
              20       DISPLAY_BIT
                               DCB              "Bit "
   59 00000004 32      DISPLAY_2_BIT
                               DCB              "2"
   60 00000005 34      DISPLAY_4_BIT
                               DCB              "4"
   61 00000006 38      DISPLAY_8_BIT
                               DCB              "8"
   62 00000007 00              ALIGN
   63 00000008         
   64 00000008         ; ------------------------------------------------------
                       ------------
   65 00000008         ; -- myCode
   66 00000008         ; ------------------------------------------------------



ARM Macro Assembler    Page 3 


                       ------------
   67 00000008                 AREA             myCode, CODE, READONLY
   68 00000000                 ENTRY
   69 00000000         
   70 00000000         ; imports for calls
   71 00000000                 import           adc_init
   72 00000000                 import           adc_get_value
   73 00000000         
   74 00000000         main    PROC
   75 00000000                 export           main
   76 00000000         ; 8 bit resolution, cont. sampling
   77 00000000 F7FF FFFE       BL               adc_init
   78 00000004 F000 F827       BL               clear_lcd
   79 00000008         
   80 00000008         main_loop
   81 00000008         ; STUDENTS: To be programmed
   82 00000008         
   83 00000008         ; die Beleuchtungen müssen noch ausgeschaltet werden
   84 00000008         
   85 00000008 F7FF FFFE       BL               adc_get_value
   86 0000000C         
   87 0000000C 491B            LDR              R1, =ADDR_BUTTONS ; laod base a
                                                            ddress of keys
   88 0000000E 4A1C            LDR              R2, =BITMASK_KEY_T0 
                                                            ; load key mask T0
   89 00000010 7808            LDRB             R0, [R1]    ; load key values
   90 00000012 4210            TST              R0, R2      ; check, if key T0 
                                                            is pressed
   91 00000014         
   92 00000014 481B            LDR              R0, =ADDR_LCD_COLOUR
   93 00000016 4A1C            LDR              R2, =0x0000
   94 00000018 8042            STRH             R2, [R0, #DISPLAY_COLOUR_GREEN]
 
                                                            ; All LCD Diplay of
                                                            f
   95 0000001A 8002            STRH             R2, [R0, #DISPLAY_COLOUR_RED]
   96 0000001C 8082            STRH             R2, [R0, #DISPLAY_COLOUR_BLUE]
   97 0000001E         
   98 0000001E D006            BEQ              T0_not_pressed ; Z=1
   99 00000020         
  100 00000020         T0_pressed                           ;Green case
  101 00000020         
  102 00000020 4818            LDR              R0, =ADDR_LCD_COLOUR
  103 00000022 491A            LDR              R1, =0xFFFF
  104 00000024 8041            STRH             R1, [R0, #DISPLAY_COLOUR_GREEN]
 
                                                            ; LCD green on
  105 00000026         
  106 00000026 F7FF FFFE       BL               adc_get_value ; get ADC value t
                                                            o R0
  107 0000002A 4A19            LDR              R2, =ADDR_7_SEG_BIN_DS3_0
  108 0000002C 8010            STRH             R0, [R2]    ; store ADC value t
                                                            o DS1 and DS0
  109 0000002E         
  110 0000002E         
  111 0000002E         T0_not_pressed
  112 0000002E         
  113 0000002E F7FF FFFE       BL               adc_get_value ; get ADC value t
                                                            o R0



ARM Macro Assembler    Page 4 


  114 00000032 4914            LDR              R1, =ADDR_LCD_COLOUR
  115 00000034 4A15            LDR              R2, =0xFFFF
  116 00000036 800A            STRH             R2, [R1, #DISPLAY_COLOUR_RED] 
                                                            ; LCD red on
  117 00000038         
  118 00000038 4B16            LDR              R3, =ADDR_DIP_SWITCH_7_0
  119 0000003A 681B            LDR              R3, [R3]
  120 0000003C 1AC4            SUBS             R4, R0, R3  ; diff of value(S7.
                                                            .S0) - ADC value
  121 0000003E 4D14            LDR              R5, =ADDR_7_SEG_BIN_DS3_0
  122 00000040 602C            STR              R4, [R5]    ; store diff to 7-s
                                                            egment
  123 00000042         
  124 00000042 2600            MOVS             R6, #0x00000000
  125 00000044 42B4            CMP              R4, R6      ; compare R4, R6
  126 00000046 DAFF            BGE              case_blue   ; signed greater th
                                                            an or equal N==V
  127 00000048         
  128 00000048         case_blue
  129 00000048         
  130 00000048 480E            LDR              R0, =ADDR_LCD_COLOUR
  131 0000004A 4A0F            LDR              R2, =0x0000
  132 0000004C 8042            STRH             R2, [R0, #DISPLAY_COLOUR_GREEN]
 
                                                            ; green and red LCD
                                                             Diplay off
  133 0000004E 8002            STRH             R2, [R0, #DISPLAY_COLOUR_RED]
  134 00000050 4B0E            LDR              R3, =0xFFFF
  135 00000052 808B            STRH             R3, [R1, #DISPLAY_COLOUR_BLUE] 
                                                            ; blue LCD on
  136 00000054         
  137 00000054         
  138 00000054         ; END: To be programmed
  139 00000054 E7D8            B                main_loop
  140 00000056         
  141 00000056         clear_lcd
  142 00000056 B407            PUSH             {R0, R1, R2}
  143 00000058 4A0B            LDR              R2, =0x0
  144 0000005A         clear_lcd_loop
  145 0000005A 480F            LDR              R0, =ADDR_LCD_ASCII
  146 0000005C 1880            ADDS             R0, R0, R2  ; add index to lcd 
                                                            offset
  147 0000005E 490A            LDR              R1, =ASCII_DIGIT_CLEAR
  148 00000060 6001            STR              R1, [R0]
  149 00000062 1D12            ADDS             R2, R2, #4  ; increas index by 
                                                            4 (word step)
  150 00000064 2A28            CMP              R2, #LCD_LAST_OFFSET ; until in
                                                            dex reached last lc
                                                            d point
  151 00000066 D4F8            BMI              clear_lcd_loop
  152 00000068 BC07            POP              {R0, R1, R2}
  153 0000006A 4770            BX               LR
  154 0000006C         
  155 0000006C         write_bit_ascii
  156 0000006C B403            PUSH             {R0, R1}
  157 0000006E 480B            LDR              R0, =ADDR_LCD_ASCII_BIT_POS
  158 00000070 490B            LDR              R1, =DISPLAY_BIT
  159 00000072 6809            LDR              R1, [R1]
  160 00000074 6001            STR              R1, [R0]



ARM Macro Assembler    Page 5 


  161 00000076 BC03            POP              {R0, R1}
  162 00000078 4770            BX               LR
  163 0000007A         
  164 0000007A                 ENDP
  165 0000007A 00 00           ALIGN
  166 0000007C         
  167 0000007C         
  168 0000007C         ; ------------------------------------------------------
                       ------------
  169 0000007C         ; End of code
  170 0000007C         ; ------------------------------------------------------
                       ------------
  171 0000007C                 END
              60000210 
              00000001 
              60000340 
              00000000 
              0000FFFF 
              60000114 
              60000200 
              60000300 
              60000302 
              00000000 
Command Line: --debug --xref --diag_suppress=9931 --cpu=Cortex-M0 --depend=.\bu
ild\struct_code.d -o.\build\struct_code.o -I.\RTE\_Target_1 -IC:\Users\claud\Ap
pData\Local\Arm\Packs\InES\CTBoard14_DFP\4.0.2\Device\Include -IC:\Users\claud\
AppData\Local\Arm\Packs\InES\CTBoard14_DFP\4.0.2\Device\Include\m0 -IC:\Users\c
laud\AppData\Local\Arm\Packs\InES\CTBoard14_DFP\4.0.2\HAL\Include --predefine="
__EVAL SETA 1" --predefine="__UVISION_VERSION SETA 537" --predefine="_RTE_ SETA
 1" --predefine="_RTE_ SETA 1" --list=.\build\struct_code.lst app\struct_code.s



ARM Macro Assembler    Page 1 Alphabetic symbol ordering
Relocatable symbols

DISPLAY_2_BIT 00000004

Symbol: DISPLAY_2_BIT
   Definitions
      At line 59 in file app\struct_code.s
   Uses
      None
Comment: DISPLAY_2_BIT unused
DISPLAY_4_BIT 00000005

Symbol: DISPLAY_4_BIT
   Definitions
      At line 60 in file app\struct_code.s
   Uses
      None
Comment: DISPLAY_4_BIT unused
DISPLAY_8_BIT 00000006

Symbol: DISPLAY_8_BIT
   Definitions
      At line 61 in file app\struct_code.s
   Uses
      None
Comment: DISPLAY_8_BIT unused
DISPLAY_BIT 00000000

Symbol: DISPLAY_BIT
   Definitions
      At line 58 in file app\struct_code.s
   Uses
      At line 158 in file app\struct_code.s
Comment: DISPLAY_BIT used once
myConstants 00000000

Symbol: myConstants
   Definitions
      At line 56 in file app\struct_code.s
   Uses
      None
Comment: myConstants unused
5 symbols



ARM Macro Assembler    Page 1 Alphabetic symbol ordering
Relocatable symbols

T0_not_pressed 0000002E

Symbol: T0_not_pressed
   Definitions
      At line 111 in file app\struct_code.s
   Uses
      At line 98 in file app\struct_code.s
Comment: T0_not_pressed used once
T0_pressed 00000020

Symbol: T0_pressed
   Definitions
      At line 100 in file app\struct_code.s
   Uses
      None
Comment: T0_pressed unused
case_blue 00000048

Symbol: case_blue
   Definitions
      At line 128 in file app\struct_code.s
   Uses
      At line 126 in file app\struct_code.s
Comment: case_blue used once
clear_lcd 00000056

Symbol: clear_lcd
   Definitions
      At line 141 in file app\struct_code.s
   Uses
      At line 78 in file app\struct_code.s
Comment: clear_lcd used once
clear_lcd_loop 0000005A

Symbol: clear_lcd_loop
   Definitions
      At line 144 in file app\struct_code.s
   Uses
      At line 151 in file app\struct_code.s
Comment: clear_lcd_loop used once
main 00000000

Symbol: main
   Definitions
      At line 74 in file app\struct_code.s
   Uses
      At line 75 in file app\struct_code.s
Comment: main used once
main_loop 00000008

Symbol: main_loop
   Definitions
      At line 80 in file app\struct_code.s
   Uses
      At line 139 in file app\struct_code.s
Comment: main_loop used once
myCode 00000000

Symbol: myCode



ARM Macro Assembler    Page 2 Alphabetic symbol ordering
Relocatable symbols

   Definitions
      At line 67 in file app\struct_code.s
   Uses
      None
Comment: myCode unused
write_bit_ascii 0000006C

Symbol: write_bit_ascii
   Definitions
      At line 155 in file app\struct_code.s
   Uses
      None
Comment: write_bit_ascii unused
9 symbols



ARM Macro Assembler    Page 1 Alphabetic symbol ordering
Absolute symbols

ADDR_7_SEG_BIN_DS3_0 60000114

Symbol: ADDR_7_SEG_BIN_DS3_0
   Definitions
      At line 29 in file app\struct_code.s
   Uses
      At line 107 in file app\struct_code.s
      At line 121 in file app\struct_code.s

ADDR_BUTTONS 60000210

Symbol: ADDR_BUTTONS
   Definitions
      At line 25 in file app\struct_code.s
   Uses
      At line 87 in file app\struct_code.s
Comment: ADDR_BUTTONS used once
ADDR_DIP_SWITCH_7_0 60000200

Symbol: ADDR_DIP_SWITCH_7_0
   Definitions
      At line 24 in file app\struct_code.s
   Uses
      At line 118 in file app\struct_code.s
Comment: ADDR_DIP_SWITCH_7_0 used once
ADDR_LCD_ASCII 60000300

Symbol: ADDR_LCD_ASCII
   Definitions
      At line 31 in file app\struct_code.s
   Uses
      At line 145 in file app\struct_code.s
Comment: ADDR_LCD_ASCII used once
ADDR_LCD_ASCII_2ND_LINE 60000314

Symbol: ADDR_LCD_ASCII_2ND_LINE
   Definitions
      At line 33 in file app\struct_code.s
   Uses
      None
Comment: ADDR_LCD_ASCII_2ND_LINE unused
ADDR_LCD_ASCII_BIT_POS 60000302

Symbol: ADDR_LCD_ASCII_BIT_POS
   Definitions
      At line 32 in file app\struct_code.s
   Uses
      At line 157 in file app\struct_code.s
Comment: ADDR_LCD_ASCII_BIT_POS used once
ADDR_LCD_COLOUR 60000340

Symbol: ADDR_LCD_COLOUR
   Definitions
      At line 30 in file app\struct_code.s
   Uses
      At line 92 in file app\struct_code.s
      At line 102 in file app\struct_code.s
      At line 114 in file app\struct_code.s
      At line 130 in file app\struct_code.s



ARM Macro Assembler    Page 2 Alphabetic symbol ordering
Absolute symbols


ADDR_LED_31_0 60000100

Symbol: ADDR_LED_31_0
   Definitions
      At line 28 in file app\struct_code.s
   Uses
      None
Comment: ADDR_LED_31_0 unused
ASCII_DIGIT_CLEAR 00000000

Symbol: ASCII_DIGIT_CLEAR
   Definitions
      At line 40 in file app\struct_code.s
   Uses
      At line 147 in file app\struct_code.s
Comment: ASCII_DIGIT_CLEAR used once
ASCII_DIGIT_OFFSET 00000030

Symbol: ASCII_DIGIT_OFFSET
   Definitions
      At line 44 in file app\struct_code.s
   Uses
      None
Comment: ASCII_DIGIT_OFFSET unused
BITMASK_KEY_T0 00000001

Symbol: BITMASK_KEY_T0
   Definitions
      At line 51 in file app\struct_code.s
   Uses
      At line 88 in file app\struct_code.s
Comment: BITMASK_KEY_T0 used once
DISPLAY_COLOUR_BLUE 00000004

Symbol: DISPLAY_COLOUR_BLUE
   Definitions
      At line 49 in file app\struct_code.s
   Uses
      At line 96 in file app\struct_code.s
      At line 135 in file app\struct_code.s

DISPLAY_COLOUR_GREEN 00000002

Symbol: DISPLAY_COLOUR_GREEN
   Definitions
      At line 48 in file app\struct_code.s
   Uses
      At line 94 in file app\struct_code.s
      At line 104 in file app\struct_code.s
      At line 132 in file app\struct_code.s

DISPLAY_COLOUR_RED 00000000

Symbol: DISPLAY_COLOUR_RED
   Definitions
      At line 47 in file app\struct_code.s
   Uses
      At line 95 in file app\struct_code.s



ARM Macro Assembler    Page 3 Alphabetic symbol ordering
Absolute symbols

      At line 116 in file app\struct_code.s
      At line 133 in file app\struct_code.s

LCD_LAST_OFFSET 00000028

Symbol: LCD_LAST_OFFSET
   Definitions
      At line 41 in file app\struct_code.s
   Uses
      At line 150 in file app\struct_code.s
Comment: LCD_LAST_OFFSET used once
15 symbols



ARM Macro Assembler    Page 1 Alphabetic symbol ordering
External symbols

adc_get_value 00000000

Symbol: adc_get_value
   Definitions
      At line 72 in file app\struct_code.s
   Uses
      At line 85 in file app\struct_code.s
      At line 106 in file app\struct_code.s
      At line 113 in file app\struct_code.s

adc_init 00000000

Symbol: adc_init
   Definitions
      At line 71 in file app\struct_code.s
   Uses
      At line 77 in file app\struct_code.s
Comment: adc_init used once
2 symbols
366 symbols in table
