


ARM Macro Assembler    Page 1 


    1 00000000         ;* -----------------------------------------------------
                       -------------
    2 00000000         ;* --  _____       ______  _____                        
                                   -
    3 00000000         ;* -- |_   _|     |  ____|/ ____|                       
                                   -
    4 00000000         ;* --   | |  _ __ | |__  | (___    Institute of Embedded
                        Systems    -
    5 00000000         ;* --   | | | '_ \|  __|  \___ \   Zurich University of 
                                   -
    6 00000000         ;* --  _| |_| | | | |____ ____) |  Applied Sciences     
                                   -
    7 00000000         ;* -- |_____|_| |_|______|_____/   8401 Winterthur, Swit
                       zerland     -
    8 00000000         ;* -----------------------------------------------------
                       -------------
    9 00000000         ;* --
   10 00000000         ;* -- Project     : CT1 - Lab 10
   11 00000000         ;* -- Description : Search Max
   12 00000000         ;* -- 
   13 00000000         ;* -- $Id: search_max.s 879 2014-10-24 09:00:00Z muln $
   14 00000000         ;* -----------------------------------------------------
                       -------------
   15 00000000         
   16 00000000         
   17 00000000         ; ------------------------------------------------------
                       -------------
   18 00000000         ; -- Constants
   19 00000000         ; ------------------------------------------------------
                       -------------
   20 00000000                 AREA             myCode, CODE, READONLY
   21 00000000                 THUMB
   22 00000000         
   23 00000000         ; STUDENTS: To be programmed
   24 00000000         
   25 00000000         
   26 00000000         
   27 00000000         
   28 00000000         ; END: To be programmed
   29 00000000         ; ------------------------------------------------------
                       -------------                    
   30 00000000         ; Searchmax
   31 00000000         ; - tableaddress in R0
   32 00000000         ; - table length in R1
   33 00000000         ; - result returned in R0
   34 00000000         ; ------------------------------------------------------
                       -------------   
   35 00000000         search_max
                               PROC
   36 00000000                 EXPORT           search_max
   37 00000000         
   38 00000000         ; STUDENTS: To be programmed
   39 00000000 B5F0            PUSH             {R4-R7, LR}
   40 00000002         
   41 00000002 4A07            LDR              R2, =0
   42 00000004 4B07            LDR              R3, =0x80000000 
                                                            ;falls Tabelle 0
   43 00000006         
   44 00000006 E006            B                cond



ARM Macro Assembler    Page 2 


   45 00000008         loop
   46 00000008 4C07            LDR              R4, =4
   47 0000000A 4354            MULS             R4, R2, R4
   48 0000000C 5904            LDR              R4, [R0, R4]
   49 0000000E         
   50 0000000E 429C            CMP              R4, R3
   51 00000010 DB00            BLT              end_if
   52 00000012 0023            MOVS             R3, R4
   53 00000014         end_if
   54 00000014 3201            ADDS             R2, #1
   55 00000016         cond
   56 00000016 428A            CMP              R2, R1
   57 00000018 D1F6            BNE              loop        ; end while loop
   58 0000001A         
   59 0000001A 0018            MOVS             R0, R3
   60 0000001C BDF0            POP              {R4-R7, PC}
   61 0000001E         
   62 0000001E         ; END: To be programmed
   63 0000001E 00 00           ALIGN
   64 00000020                 ENDP
   65 00000020         ; ------------------------------------------------------
                       -------------
   66 00000020         ; -- End of file
   67 00000020         ; ------------------------------------------------------
                       -------------                      
   68 00000020                 END
              00000000 
              80000000 
              00000004 
Command Line: --debug --xref --diag_suppress=9931 --cpu=Cortex-M0 --depend=.\bu
ild\search_max.d -o.\build\search_max.o -I.\RTE\_Target_1 -IC:\Users\diego\AppD
ata\Local\Arm\Packs\InES\CTBoard14_DFP\4.0.2\Device\Include -IC:\Users\diego\Ap
pData\Local\Arm\Packs\InES\CTBoard14_DFP\4.0.2\Device\Include\m0 -IC:\Users\die
go\AppData\Local\Arm\Packs\InES\CTBoard14_DFP\4.0.2\HAL\Include --predefine="__
EVAL SETA 1" --predefine="__UVISION_VERSION SETA 537" --predefine="_RTE_ SETA 1
" --predefine="_RTE_ SETA 1" --list=.\build\search_max.lst app\search_max.s



ARM Macro Assembler    Page 1 Alphabetic symbol ordering
Relocatable symbols

cond 00000016

Symbol: cond
   Definitions
      At line 55 in file app\search_max.s
   Uses
      At line 44 in file app\search_max.s
Comment: cond used once
end_if 00000014

Symbol: end_if
   Definitions
      At line 53 in file app\search_max.s
   Uses
      At line 51 in file app\search_max.s
Comment: end_if used once
loop 00000008

Symbol: loop
   Definitions
      At line 45 in file app\search_max.s
   Uses
      At line 57 in file app\search_max.s
Comment: loop used once
myCode 00000000

Symbol: myCode
   Definitions
      At line 20 in file app\search_max.s
   Uses
      None
Comment: myCode unused
search_max 00000000

Symbol: search_max
   Definitions
      At line 35 in file app\search_max.s
   Uses
      At line 36 in file app\search_max.s
Comment: search_max used once
5 symbols
340 symbols in table
