


ARM Macro Assembler    Page 1 


    1 00000000         ; ------------------------------------------------------
                       ------------
    2 00000000         ; --  _____       ______  _____                         
                                  -
    3 00000000         ; -- |_   _|     |  ____|/ ____|                        
                                  -
    4 00000000         ; --   | |  _ __ | |__  | (___    Institute of Embedded 
                       Systems    -
    5 00000000         ; --   | | | '_ \|  __|  \___ \   Zurich University of  
                                  -
    6 00000000         ; --  _| |_| | | | |____ ____) |  Applied Sciences      
                                  -
    7 00000000         ; -- |_____|_| |_|______|_____/   8401 Winterthur, Switz
                       erland     -
    8 00000000         ; ------------------------------------------------------
                       ------------
    9 00000000         ; --
   10 00000000         ; -- table.s
   11 00000000         ; --
   12 00000000         ; -- CT1 P04 Ein- und Ausgabe von Tabellenwerten
   13 00000000         ; --
   14 00000000         ; -- $Id: table.s 800 2014-10-06 13:19:25Z ruan $
   15 00000000         ; ------------------------------------------------------
                       ------------
   16 00000000         ;Directives
   17 00000000                 PRESERVE8
   18 00000000                 THUMB
   19 00000000         ; ------------------------------------------------------
                       ------------
   20 00000000         ; -- Symbolic Literals
   21 00000000         ; ------------------------------------------------------
                       ------------
   22 00000000 60000200 
                       ADDR_DIP_SWITCH_7_0
                               EQU              0x60000200
   23 00000000 60000201 
                       ADDR_DIP_SWITCH_15_8
                               EQU              0x60000201
   24 00000000 60000203 
                       ADDR_DIP_SWITCH_31_24
                               EQU              0x60000203
   25 00000000 60000100 
                       ADDR_LED_7_0
                               EQU              0x60000100
   26 00000000 60000101 
                       ADDR_LED_15_8
                               EQU              0x60000101
   27 00000000 60000102 
                       ADDR_LED_23_16
                               EQU              0x60000102
   28 00000000 60000103 
                       ADDR_LED_31_24
                               EQU              0x60000103
   29 00000000 60000210 
                       ADDR_BUTTONS
                               EQU              0x60000210
   30 00000000         
   31 00000000 00000001 
                       BITMASK_KEY_T0



ARM Macro Assembler    Page 2 


                               EQU              0x01
   32 00000000 0000000F 
                       BITMASK_LOWER_NIBBLE
                               EQU              0x0F
   33 00000000         
   34 00000000         ; ------------------------------------------------------
                       ------------
   35 00000000         ; -- Variables
   36 00000000         ; ------------------------------------------------------
                       ------------
   37 00000000                 AREA             MyAsmVar, DATA, READWRITE
   38 00000000         ; STUDENTS: To be programmed
   39 00000000         
   40 00000000         ; Allocate memory (16 byte)
   41 00000000 00 00 00 
              00 00 00 
              00 00 00 
              00 00 00 
              00 00 00 
              00       byte_array
                               SPACE            16
   42 00000010         
   43 00000010         ; END: To be programmed
   44 00000010                 ALIGN
   45 00000010         
   46 00000010         ; ------------------------------------------------------
                       ------------
   47 00000010         ; -- myCode
   48 00000010         ; ------------------------------------------------------
                       ------------
   49 00000010                 AREA             myCode, CODE, READONLY
   50 00000000         
   51 00000000         main    PROC
   52 00000000                 EXPORT           main
   53 00000000         
   54 00000000         readInput
   55 00000000 F000 F81C       BL               waitForKey  ; wait for key to b
                                                            e pressed and relea
                                                            sed
   56 00000004         ; STUDENTS: To be programmed
   57 00000004         
   58 00000004         ; load switch value to R0 and R1
   59 00000004 4F13            LDR              R7, =ADDR_DIP_SWITCH_7_0
   60 00000006 7838            LDRB             R0, [R7]    ; SW7...0
   61 00000008 7879            LDRB             R1, [R7, #1] ; SW13...8
   62 0000000A         
   63 0000000A         ; Bitmask for lower 4 bits
   64 0000000A 4A13            LDR              R2, =BITMASK_LOWER_NIBBLE
   65 0000000C 4011            ANDS             R1, R2
   66 0000000E         
   67 0000000E         ; store value to led
   68 0000000E 4F13            LDR              R7, =ADDR_LED_7_0
   69 00000010 7038            STRB             R0, [R7]    ; von links nach re
                                                            chts?
   70 00000012 7079            STRB             R1, [R7, #1]
   71 00000014         
   72 00000014         ;Load value from dip switches 8 - 11
   73 00000014 4B12            LDR              R3, =ADDR_DIP_SWITCH_15_8
   74 00000016 781C            LDRB             R4, [R3]



ARM Macro Assembler    Page 3 


   75 00000018         
   76 00000018         ;mask index1
   77 00000018 4F0F            LDR              R7, =BITMASK_LOWER_NIBBLE
   78 0000001A 403C            ANDS             R4, R4, R7
   79 0000001C         
   80 0000001C         ;write 
   81 0000001C 4D11            LDR              R5, =ADDR_LED_15_8
   82 0000001E 702C            STRB             R4, [R5, #0]
   83 00000020         
   84 00000020         ;store data to array
   85 00000020 4911            LDR              R1, = byte_array
   86 00000022         
   87 00000022 5508            STRB             R0, [R1,R4]
   88 00000024         
   89 00000024         ;write array value to leds
   90 00000024         ;Load value from dip switches 24 - 27
   91 00000024 4B11            LDR              R3, =ADDR_DIP_SWITCH_31_24
   92 00000026 781C            LDRB             R4, [R3]
   93 00000028 4F0B            LDR              R7, =BITMASK_LOWER_NIBBLE
   94 0000002A 403C            ANDS             R4, R4, R7  ;index 2 = R4
   95 0000002C         
   96 0000002C         ;write to led
   97 0000002C 4A10            LDR              R2, =ADDR_LED_23_16
   98 0000002E 5D0D            LDRB             R5, [R1, R4]
   99 00000030 7015            STRB             R5, [R2, #0]
  100 00000032         
  101 00000032         ;mask index2
  102 00000032 4F09            LDR              R7, =BITMASK_LOWER_NIBBLE
  103 00000034 403C            ANDS             R4, R4, R7
  104 00000036         
  105 00000036         ;write index2 to led 24-27
  106 00000036 4D0F            LDR              R5, =ADDR_LED_31_24
  107 00000038 702C            STRB             R4, [R5, #0]
  108 0000003A         
  109 0000003A         ; END: To be programmed
  110 0000003A E7E1            B                readInput
  111 0000003C                 ALIGN
  112 0000003C         
  113 0000003C         ; ------------------------------------------------------
                       ------------
  114 0000003C         ; Subroutines
  115 0000003C         ; ------------------------------------------------------
                       ------------
  116 0000003C         
  117 0000003C         ; wait for key to be pressed and released
  118 0000003C         waitForKey
  119 0000003C B407            PUSH             {R0, R1, R2}
  120 0000003E 490E            LDR              R1, =ADDR_BUTTONS ; laod base a
                                                            ddress of keys
  121 00000040 4A0E            LDR              R2, =BITMASK_KEY_T0 
                                                            ; load key mask T0
  122 00000042         
  123 00000042         waitForPress
  124 00000042 7808            LDRB             R0, [R1]    ; load key values
  125 00000044 4210            TST              R0, R2      ; check, if key T0 
                                                            is pressed
  126 00000046 D0FC            BEQ              waitForPress
  127 00000048         
  128 00000048         waitForRelease



ARM Macro Assembler    Page 4 


  129 00000048 7808            LDRB             R0, [R1]    ; load key values
  130 0000004A 4210            TST              R0, R2      ; check, if key T0 
                                                            is released
  131 0000004C D1FC            BNE              waitForRelease
  132 0000004E         
  133 0000004E BC07            POP              {R0, R1, R2}
  134 00000050 4770            BX               LR
  135 00000052 00 00           ALIGN
  136 00000054         
  137 00000054         ; ------------------------------------------------------
                       ------------
  138 00000054         ; End of code
  139 00000054         ; ------------------------------------------------------
                       ------------
  140 00000054                 ENDP
  141 00000054                 END
              60000200 
              0000000F 
              60000100 
              60000201 
              60000101 
              00000000 
              60000203 
              60000102 
              60000103 
              60000210 
              00000001 
Command Line: --debug --xref --diag_suppress=9931 --cpu=Cortex-M0 --depend=.\bu
ild\table.d -o.\build\table.o -I.\RTE\_Target_1 -IC:\Users\diego\AppData\Local\
Arm\Packs\InES\CTBoard14_DFP\4.0.2\Device\Include -IC:\Users\diego\AppData\Loca
l\Arm\Packs\InES\CTBoard14_DFP\4.0.2\Device\Include\m0 -IC:\Users\diego\AppData
\Local\Arm\Packs\InES\CTBoard14_DFP\4.0.2\HAL\Include --predefine="__EVAL SETA 
1" --predefine="__UVISION_VERSION SETA 537" --predefine="_RTE_ SETA 1" --predef
ine="_RTE_ SETA 1" --list=.\build\table.lst app\table.s



ARM Macro Assembler    Page 1 Alphabetic symbol ordering
Relocatable symbols

MyAsmVar 00000000

Symbol: MyAsmVar
   Definitions
      At line 37 in file app\table.s
   Uses
      None
Comment: MyAsmVar unused
byte_array 00000000

Symbol: byte_array
   Definitions
      At line 41 in file app\table.s
   Uses
      At line 85 in file app\table.s
Comment: byte_array used once
2 symbols



ARM Macro Assembler    Page 1 Alphabetic symbol ordering
Relocatable symbols

main 00000000

Symbol: main
   Definitions
      At line 51 in file app\table.s
   Uses
      At line 52 in file app\table.s
Comment: main used once
myCode 00000000

Symbol: myCode
   Definitions
      At line 49 in file app\table.s
   Uses
      None
Comment: myCode unused
readInput 00000000

Symbol: readInput
   Definitions
      At line 54 in file app\table.s
   Uses
      At line 110 in file app\table.s
Comment: readInput used once
waitForKey 0000003C

Symbol: waitForKey
   Definitions
      At line 118 in file app\table.s
   Uses
      At line 55 in file app\table.s
Comment: waitForKey used once
waitForPress 00000042

Symbol: waitForPress
   Definitions
      At line 123 in file app\table.s
   Uses
      At line 126 in file app\table.s
Comment: waitForPress used once
waitForRelease 00000048

Symbol: waitForRelease
   Definitions
      At line 128 in file app\table.s
   Uses
      At line 131 in file app\table.s
Comment: waitForRelease used once
6 symbols



ARM Macro Assembler    Page 1 Alphabetic symbol ordering
Absolute symbols

ADDR_BUTTONS 60000210

Symbol: ADDR_BUTTONS
   Definitions
      At line 29 in file app\table.s
   Uses
      At line 120 in file app\table.s
Comment: ADDR_BUTTONS used once
ADDR_DIP_SWITCH_15_8 60000201

Symbol: ADDR_DIP_SWITCH_15_8
   Definitions
      At line 23 in file app\table.s
   Uses
      At line 73 in file app\table.s
Comment: ADDR_DIP_SWITCH_15_8 used once
ADDR_DIP_SWITCH_31_24 60000203

Symbol: ADDR_DIP_SWITCH_31_24
   Definitions
      At line 24 in file app\table.s
   Uses
      At line 91 in file app\table.s
Comment: ADDR_DIP_SWITCH_31_24 used once
ADDR_DIP_SWITCH_7_0 60000200

Symbol: ADDR_DIP_SWITCH_7_0
   Definitions
      At line 22 in file app\table.s
   Uses
      At line 59 in file app\table.s
Comment: ADDR_DIP_SWITCH_7_0 used once
ADDR_LED_15_8 60000101

Symbol: ADDR_LED_15_8
   Definitions
      At line 26 in file app\table.s
   Uses
      At line 81 in file app\table.s
Comment: ADDR_LED_15_8 used once
ADDR_LED_23_16 60000102

Symbol: ADDR_LED_23_16
   Definitions
      At line 27 in file app\table.s
   Uses
      At line 97 in file app\table.s
Comment: ADDR_LED_23_16 used once
ADDR_LED_31_24 60000103

Symbol: ADDR_LED_31_24
   Definitions
      At line 28 in file app\table.s
   Uses
      At line 106 in file app\table.s
Comment: ADDR_LED_31_24 used once
ADDR_LED_7_0 60000100

Symbol: ADDR_LED_7_0



ARM Macro Assembler    Page 2 Alphabetic symbol ordering
Absolute symbols

   Definitions
      At line 25 in file app\table.s
   Uses
      At line 68 in file app\table.s
Comment: ADDR_LED_7_0 used once
BITMASK_KEY_T0 00000001

Symbol: BITMASK_KEY_T0
   Definitions
      At line 31 in file app\table.s
   Uses
      At line 121 in file app\table.s
Comment: BITMASK_KEY_T0 used once
BITMASK_LOWER_NIBBLE 0000000F

Symbol: BITMASK_LOWER_NIBBLE
   Definitions
      At line 32 in file app\table.s
   Uses
      At line 64 in file app\table.s
      At line 77 in file app\table.s
      At line 93 in file app\table.s
      At line 102 in file app\table.s

10 symbols
353 symbols in table
